[2022-06-11T00:32:49.772] [INFO] default - ODA Clan Points Manager & Gameloop is online | ----> RUN
[2022-06-11T00:42:54.852] [INFO] default - ODA Clan Points Manager & Gameloop is online | ----> RUN
[2022-06-11T00:48:19.267] [INFO] default - ODA Clan Points Manager & Gameloop is online | ----> RUN
[2022-06-11T00:49:48.900] [INFO] default - ODA Clan Points Manager & Gameloop is online | ----> RUN
[2022-06-11T00:55:33.543] [INFO] default - ODA Clan Points Manager & Gameloop is online | ----> RUN
[2022-06-11T00:59:59.067] [INFO] default - ODA Clan Points Manager & Gameloop is online | ----> RUN
[2022-06-11T01:00:22.598] [INFO] default - ODA Clan Points Manager & Gameloop is online | ----> RUN
[2022-06-11T01:09:39.814] [INFO] default - Lanciato comando /setupdb
[2022-06-11T01:09:59.408] [INFO] default - ODA Clan Points Manager & Gameloop is online | ----> RUN
[2022-06-11T01:10:42.943] [INFO] default - ODA Clan Points Manager & Gameloop is online | ----> RUN
[2022-06-11T01:12:34.226] [INFO] default - ODA Clan Points Manager & Gameloop is online | ----> RUN
[2022-06-11T01:12:44.403] [INFO] default - ODA Clan Points Manager & Gameloop is online | ----> RUN
[2022-06-11T01:16:21.630] [INFO] default - ODA Clan Points Manager & Gameloop is online | ----> RUN
[2022-06-11T01:17:08.595] [INFO] default - ODA Clan Points Manager & Gameloop is online | ----> RUN
[2022-06-11T01:19:33.489] [INFO] default - ODA Clan Points Manager & Gameloop is online | ----> RUN
[2022-06-11T01:22:26.008] [ERROR] default - User [975889692094509067] ID [Godreaver] filed/not necessary role update
[2022-06-11T01:22:26.197] [ERROR] default - User [975889692094509067] ID [Godreaver] filed/not necessary role update
[2022-06-11T01:25:02.689] [INFO] default - ODA Clan Points Manager & Gameloop is online | ----> RUN
[2022-06-11T01:25:35.432] [INFO] default - ODA Clan Points Manager & Gameloop is online | ----> RUN
[2022-06-11T01:25:50.236] [INFO] default - ODA Clan Points Manager & Gameloop is online | ----> RUN
[2022-06-11T01:25:57.215] [INFO] default - ODA Clan Points Manager & Gameloop is online | ----> RUN
[2022-06-11T01:31:31.335] [DEBUG] default - General Karaner just reacted to message id [981532624084430903]
[2022-06-11T01:31:36.905] [DEBUG] default - General Karaner just reacted to message id [981532732972761169]
[2022-06-11T01:33:08.868] [INFO] default - ODA Clan Points Manager & Gameloop is online | ----> RUN
[2022-06-11T01:35:08.713] [INFO] default - ODA Clan Points Manager & Gameloop is online | ----> RUN
[2022-06-11T01:35:50.126] [INFO] default - ODA Clan Points Manager & Gameloop is online | ----> RUN
[2022-06-11T01:36:37.126] [INFO] default - ODA Clan Points Manager & Gameloop is online | ----> RUN
[2022-06-11T01:36:40.098] [INFO] default - [COMMAND] board start
[2022-06-11T01:37:23.228] [INFO] default - ODA Clan Points Manager & Gameloop is online | ----> RUN
[2022-06-11T01:37:33.557] [INFO] default - ODA Clan Points Manager & Gameloop is online | ----> RUN
[2022-06-11T01:37:36.505] [INFO] default - [COMMAND] board start
[2022-06-11T01:38:05.825] [INFO] default - ODA Clan Points Manager & Gameloop is online | ----> RUN
[2022-06-11T01:38:17.761] [INFO] default - ODA Clan Points Manager & Gameloop is online | ----> RUN
[2022-06-11T01:38:21.755] [INFO] default - [COMMAND] board start
[2022-06-11T01:38:21.966] [INFO] default - [COMMAND] board end
[2022-06-11T01:39:50.192] [INFO] default - ODA Clan Points Manager & Gameloop is online | ----> RUN
[2022-06-11T01:40:46.270] [INFO] default - ODA Clan Points Manager & Gameloop is online | ----> RUN
[2022-06-11T01:42:19.962] [INFO] default - ODA Clan Points Manager & Gameloop is online | ----> RUN
[2022-06-11T01:45:15.306] [INFO] default - ODA Clan Points Manager & Gameloop is online | ----> RUN
[2022-06-11T01:45:21.204] [INFO] default - ODA Clan Points Manager & Gameloop is online | ----> RUN
[2022-06-11T01:45:42.230] [INFO] default - ODA Clan Points Manager & Gameloop is online | ----> RUN
[2022-06-11T01:46:47.108] [INFO] default - ODA Clan Points Manager & Gameloop is online | ----> RUN
[2022-06-11T01:47:12.028] [INFO] default - ODA Clan Points Manager & Gameloop is online | ----> RUN
[2022-06-11T01:47:23.339] [INFO] default - ODA Clan Points Manager & Gameloop is online | ----> RUN
[2022-06-11T01:54:17.378] [INFO] default - ODA Clan Points Manager & Gameloop is online | ----> RUN
[2022-06-11T01:54:27.381] [INFO] default - ODA Clan Points Manager & Gameloop is online | ----> RUN
[2022-06-11T01:54:38.672] [INFO] default - ODA Clan Points Manager & Gameloop is online | ----> RUN
[2022-06-11T01:54:47.334] [INFO] default - ODA Clan Points Manager & Gameloop is online | ----> RUN
[2022-06-11T01:55:05.711] [INFO] default - ODA Clan Points Manager & Gameloop is online | ----> RUN
[2022-06-11T01:56:14.671] [INFO] default - ODA Clan Points Manager & Gameloop is online | ----> RUN
[2022-06-11T01:56:53.658] [INFO] default - ODA Clan Points Manager & Gameloop is online | ----> RUN
[2022-06-11T01:57:37.326] [INFO] default - ODA Clan Points Manager & Gameloop is online | ----> RUN
[2022-06-11T01:58:45.789] [INFO] default - ODA Clan Points Manager & Gameloop is online | ----> RUN
[2022-06-11T02:00:00.919] [INFO] default - [HOURLY] routine starts
[2022-06-11T02:00:00.919] [INFO] default - Update leaderboard launched!
[2022-06-11T02:00:01.793] [INFO] default - [HOURLY] checkOdaInName starts
[2022-06-11T02:00:01.860] [INFO] default - Hourly check ODA IN NAME done ---> updated: 0
[2022-06-11T02:00:01.860] [INFO] default - [HOURLY] checkOdaInName end
[2022-06-11T02:00:05.894] [INFO] default - ODA Clan Points Manager & Gameloop is online | ----> RUN
[2022-06-11T02:02:56.003] [INFO] default - ODA Clan Points Manager & Gameloop is online | ----> RUN
[2022-06-11T02:03:04.804] [INFO] default - ODA Clan Points Manager & Gameloop is online | ----> RUN
[2022-06-11T02:04:40.913] [INFO] default - ODA Clan Points Manager & Gameloop is online | ----> RUN
[2022-06-11T02:05:02.524] [DEBUG] default - GMonster | ODA Clan ðŸ² just reacted to message id [984513706773864458]
[2022-06-11T02:05:03.886] [DEBUG] default - GMonster | ODA Clan ðŸ² just reacted to message id [984513706773864458]
[2022-06-11T02:05:04.578] [DEBUG] default - GMonster | ODA Clan ðŸ² just reacted to message id [984513706773864458]
[2022-06-11T02:05:57.697] [INFO] default - ODA Clan Points Manager & Gameloop is online | ----> RUN
