[2022-06-10T00:35:38.529] [INFO] default - ODA Clan Points Manager & Gameloop is online.
[2022-06-10T00:35:39.740] [DEBUG] default - Successfully registered commands locally.
[2022-06-10T00:35:42.041] [INFO] default - Lanciato comando /setupdb
[2022-06-10T00:36:05.012] [INFO] default - ODA Clan Points Manager & Gameloop is online.
[2022-06-10T00:36:06.243] [DEBUG] default - Successfully registered commands locally.
[2022-06-10T00:36:12.441] [INFO] default - Lanciato comando /setupdb
[2022-06-10T00:36:53.275] [INFO] default - ODA Clan Points Manager & Gameloop is online.
[2022-06-10T00:36:54.659] [DEBUG] default - Successfully registered commands locally.
[2022-06-10T00:37:02.665] [INFO] default - Lanciato comando /setupdb
[2022-06-10T00:37:03.301] [ERROR] default - ERROR SOMEWHERE ON [setupdb] - check error and go fix
[2022-06-10T00:37:03.301] [ERROR] default - TypeError: Assignment to constant variable.
    at Object.execute (/Users/beater/Documents/dev/dao_alpha/Discord-JS-Points-Manager-OFFICIAL/commands/setupdb.js:36:21)
    at process.processTicksAndRejections (node:internal/process/task_queues:95:5)
    at async Object.handlePointSystemButton (/Users/beater/Documents/dev/dao_alpha/Discord-JS-Points-Manager-OFFICIAL/helper/interactionButtonHandler.js:54:21)
[2022-06-10T00:37:14.616] [INFO] default - ODA Clan Points Manager & Gameloop is online.
[2022-06-10T00:37:15.825] [DEBUG] default - Successfully registered commands locally.
[2022-06-10T00:37:37.155] [INFO] default - ODA Clan Points Manager & Gameloop is online.
[2022-06-10T00:37:38.395] [DEBUG] default - Successfully registered commands locally.
[2022-06-10T00:37:43.614] [INFO] default - Lanciato comando /setupdb
[2022-06-10T00:41:16.414] [INFO] default - ODA Clan Points Manager & Gameloop is online.
[2022-06-10T00:41:46.763] [INFO] default - ODA Clan Points Manager & Gameloop is online | ----> RUN
[2022-06-10T00:43:43.043] [INFO] default - ODA Clan Points Manager & Gameloop is online | ----> RUN
[2022-06-10T00:45:45.380] [INFO] default - ODA Clan Points Manager & Gameloop is online | ----> RUN
[2022-06-10T00:46:37.415] [INFO] default - ODA Clan Points Manager & Gameloop is online | ----> RUN
[2022-06-10T00:46:47.663] [INFO] default - ODA Clan Points Manager & Gameloop is online | ----> RUN
[2022-06-10T00:48:15.160] [INFO] default - ODA Clan Points Manager & Gameloop is online | ----> RUN
[2022-06-10T00:48:22.538] [INFO] default - ODA Clan Points Manager & Gameloop is online | ----> RUN
[2022-06-10T00:48:50.267] [INFO] default - Update leaderboard launched!
[2022-06-10T00:49:11.983] [DEBUG] default - Aka_Aco just reacted to message id [981532624084430903]
[2022-06-10T00:49:13.740] [DEBUG] default - Aka_Aco just reacted to message id [981532732972761169]
[2022-06-10T00:49:23.677] [DEBUG] default - Aka_Aco just reacted to message id [984513706773864458]
[2022-06-10T00:49:31.026] [INFO] default - ODA Clan Points Manager & Gameloop is online | ----> RUN
[2022-06-10T00:49:38.749] [INFO] default - Update leaderboard launched!
[2022-06-10T00:50:32.517] [INFO] default - ODA Clan Points Manager & Gameloop is online | ----> RUN
[2022-06-10T00:50:35.506] [INFO] default - Update leaderboard launched!
[2022-06-10T00:50:52.776] [INFO] default - ODA Clan Points Manager & Gameloop is online | ----> RUN
[2022-06-10T00:50:55.716] [INFO] default - Update leaderboard launched!
[2022-06-10T00:51:43.683] [INFO] default - Update leaderboard launched!
[2022-06-10T00:52:36.631] [INFO] default - ODA Clan Points Manager & Gameloop is online | ----> RUN
[2022-06-10T00:53:09.883] [INFO] default - ODA Clan Points Manager & Gameloop is online | ----> RUN
[2022-06-10T00:54:26.961] [INFO] default - ODA Clan Points Manager & Gameloop is online | ----> RUN
[2022-06-10T00:54:52.348] [INFO] default - Lanciato comando /setupdb
[2022-06-10T00:57:07.811] [INFO] default - ODA Clan Points Manager & Gameloop is online | ----> RUN
[2022-06-10T00:57:13.125] [INFO] default - ODA Clan Points Manager & Gameloop is online | ----> RUN
[2022-06-10T00:59:29.356] [INFO] default - ODA Clan Points Manager & Gameloop is online | ----> RUN
[2022-06-10T01:00:00.438] [INFO] default - Update leaderboard launched!
[2022-06-10T01:00:04.922] [INFO] default - Hourly check ODA IN NAME done ---> updated: 74
[2022-06-10T01:01:13.613] [INFO] default - ODA Clan Points Manager & Gameloop is online | ----> RUN
[2022-06-10T01:03:53.089] [INFO] default - ODA Clan Points Manager & Gameloop is online | ----> RUN
[2022-06-10T01:04:03.767] [INFO] default - ODA Clan Points Manager & Gameloop is online | ----> RUN
[2022-06-10T01:04:08.328] [INFO] default - Update leaderboard launched!
[2022-06-10T01:04:13.556] [ERROR] default - [handlePointSystemButton] ---->
[2022-06-10T01:04:13.556] [ERROR] default - SyntaxError: Unexpected token o in JSON at position 1
    at JSON.parse (<anonymous>)
    at Object.moveUsersPoints (/Users/beater/Documents/dev/dao_alpha/Discord-JS-Points-Manager-OFFICIAL/helper/databaseHelper.js:96:25)
    at Object.handlePointSystemButton (/Users/beater/Documents/dev/dao_alpha/Discord-JS-Points-Manager-OFFICIAL/helper/interactionButtonHandler.js:66:42)
    at Object.execute (/Users/beater/Documents/dev/dao_alpha/Discord-JS-Points-Manager-OFFICIAL/events/interactionCreate.js:10:24)
    at Client.<anonymous> (/Users/beater/Documents/dev/dao_alpha/Discord-JS-Points-Manager-OFFICIAL/bot.js:44:44)
    at Client.emit (node:events:527:28)
    at InteractionCreateAction.handle (/Users/beater/Documents/dev/dao_alpha/Discord-JS-Points-Manager-OFFICIAL/node_modules/discord.js/src/client/actions/InteractionCreate.js:83:12)
    at module.exports [as INTERACTION_CREATE] (/Users/beater/Documents/dev/dao_alpha/Discord-JS-Points-Manager-OFFICIAL/node_modules/discord.js/src/client/websocket/handlers/INTERACTION_CREATE.js:4:36)
    at WebSocketManager.handlePacket (/Users/beater/Documents/dev/dao_alpha/Discord-JS-Points-Manager-OFFICIAL/node_modules/discord.js/src/client/websocket/WebSocketManager.js:346:31)
    at WebSocketShard.onPacket (/Users/beater/Documents/dev/dao_alpha/Discord-JS-Points-Manager-OFFICIAL/node_modules/discord.js/src/client/websocket/WebSocketShard.js:478:22)
[2022-06-10T01:04:28.850] [INFO] default - ODA Clan Points Manager & Gameloop is online | ----> RUN
[2022-06-10T01:05:06.058] [ERROR] default - [handlePointSystemButton] ---->
[2022-06-10T01:05:06.058] [ERROR] default - TypeError: json.map is not a function
    at Object.moveUsersPoints (/Users/beater/Documents/dev/dao_alpha/Discord-JS-Points-Manager-OFFICIAL/helper/databaseHelper.js:97:21)
    at Object.handlePointSystemButton (/Users/beater/Documents/dev/dao_alpha/Discord-JS-Points-Manager-OFFICIAL/helper/interactionButtonHandler.js:66:42)
    at Object.execute (/Users/beater/Documents/dev/dao_alpha/Discord-JS-Points-Manager-OFFICIAL/events/interactionCreate.js:10:24)
    at Client.<anonymous> (/Users/beater/Documents/dev/dao_alpha/Discord-JS-Points-Manager-OFFICIAL/bot.js:44:44)
    at Client.emit (node:events:527:28)
    at InteractionCreateAction.handle (/Users/beater/Documents/dev/dao_alpha/Discord-JS-Points-Manager-OFFICIAL/node_modules/discord.js/src/client/actions/InteractionCreate.js:83:12)
    at module.exports [as INTERACTION_CREATE] (/Users/beater/Documents/dev/dao_alpha/Discord-JS-Points-Manager-OFFICIAL/node_modules/discord.js/src/client/websocket/handlers/INTERACTION_CREATE.js:4:36)
    at WebSocketManager.handlePacket (/Users/beater/Documents/dev/dao_alpha/Discord-JS-Points-Manager-OFFICIAL/node_modules/discord.js/src/client/websocket/WebSocketManager.js:346:31)
    at WebSocketShard.onPacket (/Users/beater/Documents/dev/dao_alpha/Discord-JS-Points-Manager-OFFICIAL/node_modules/discord.js/src/client/websocket/WebSocketShard.js:478:22)
    at WebSocketShard.onMessage (/Users/beater/Documents/dev/dao_alpha/Discord-JS-Points-Manager-OFFICIAL/node_modules/discord.js/src/client/websocket/WebSocketShard.js:317:10)
[2022-06-10T01:05:14.329] [INFO] default - ODA Clan Points Manager & Gameloop is online | ----> RUN
[2022-06-10T01:05:18.763] [ERROR] default - [handlePointSystemButton] ---->
[2022-06-10T01:05:18.766] [ERROR] default - TypeError: json.map is not a function
    at Object.moveUsersPoints (/Users/beater/Documents/dev/dao_alpha/Discord-JS-Points-Manager-OFFICIAL/helper/databaseHelper.js:97:21)
    at Object.handlePointSystemButton (/Users/beater/Documents/dev/dao_alpha/Discord-JS-Points-Manager-OFFICIAL/helper/interactionButtonHandler.js:66:42)
    at Object.execute (/Users/beater/Documents/dev/dao_alpha/Discord-JS-Points-Manager-OFFICIAL/events/interactionCreate.js:10:24)
    at Client.<anonymous> (/Users/beater/Documents/dev/dao_alpha/Discord-JS-Points-Manager-OFFICIAL/bot.js:44:44)
    at Client.emit (node:events:527:28)
    at InteractionCreateAction.handle (/Users/beater/Documents/dev/dao_alpha/Discord-JS-Points-Manager-OFFICIAL/node_modules/discord.js/src/client/actions/InteractionCreate.js:83:12)
    at module.exports [as INTERACTION_CREATE] (/Users/beater/Documents/dev/dao_alpha/Discord-JS-Points-Manager-OFFICIAL/node_modules/discord.js/src/client/websocket/handlers/INTERACTION_CREATE.js:4:36)
    at WebSocketManager.handlePacket (/Users/beater/Documents/dev/dao_alpha/Discord-JS-Points-Manager-OFFICIAL/node_modules/discord.js/src/client/websocket/WebSocketManager.js:346:31)
    at WebSocketShard.onPacket (/Users/beater/Documents/dev/dao_alpha/Discord-JS-Points-Manager-OFFICIAL/node_modules/discord.js/src/client/websocket/WebSocketShard.js:478:22)
    at WebSocketShard.onMessage (/Users/beater/Documents/dev/dao_alpha/Discord-JS-Points-Manager-OFFICIAL/node_modules/discord.js/src/client/websocket/WebSocketShard.js:317:10)
[2022-06-10T01:05:34.016] [INFO] default - ODA Clan Points Manager & Gameloop is online | ----> RUN
[2022-06-10T01:06:33.156] [INFO] default - ODA Clan Points Manager & Gameloop is online | ----> RUN
[2022-06-10T01:06:55.295] [INFO] default - ODA Clan Points Manager & Gameloop is online | ----> RUN
[2022-06-10T01:07:07.168] [INFO] default - ODA Clan Points Manager & Gameloop is online | ----> RUN
[2022-06-10T01:07:20.951] [INFO] default - ODA Clan Points Manager & Gameloop is online | ----> RUN
[2022-06-10T01:09:42.823] [INFO] default - ODA Clan Points Manager & Gameloop is online | ----> RUN
[2022-06-10T01:11:40.908] [INFO] default - ODA Clan Points Manager & Gameloop is online | ----> RUN
[2022-06-10T01:20:18.987] [INFO] default - ODA Clan Points Manager & Gameloop is online | ----> RUN
[2022-06-10T01:21:26.140] [INFO] default - ODA Clan Points Manager & Gameloop is online | ----> RUN
[2022-06-10T01:21:36.306] [INFO] default - ODA Clan Points Manager & Gameloop is online | ----> RUN
[2022-06-10T01:22:31.321] [INFO] default - ODA Clan Points Manager & Gameloop is online | ----> RUN
[2022-06-10T01:22:37.648] [ERROR] default - [handlePointSystemButton] ---->
[2022-06-10T01:22:37.648] [ERROR] default - TypeError: Cannot read properties of undefined (reading 'points')
    at /Users/beater/Documents/dev/dao_alpha/Discord-JS-Points-Manager-OFFICIAL/helper/databaseHelper.js:100:37
    at Array.forEach (<anonymous>)
    at Object.moveUsersPoints (/Users/beater/Documents/dev/dao_alpha/Discord-JS-Points-Manager-OFFICIAL/helper/databaseHelper.js:99:18)
    at process.processTicksAndRejections (node:internal/process/task_queues:95:5)
    at async Object.handlePointSystemButton (/Users/beater/Documents/dev/dao_alpha/Discord-JS-Points-Manager-OFFICIAL/helper/interactionButtonHandler.js:66:21)
[2022-06-10T01:23:08.121] [INFO] default - ODA Clan Points Manager & Gameloop is online | ----> RUN
[2022-06-10T01:23:10.985] [ERROR] default - [handlePointSystemButton] ---->
[2022-06-10T01:23:10.985] [ERROR] default - TypeError: Cannot read properties of undefined (reading 'get')
    at /Users/beater/Documents/dev/dao_alpha/Discord-JS-Points-Manager-OFFICIAL/helper/databaseHelper.js:100:37
    at Array.forEach (<anonymous>)
    at Object.moveUsersPoints (/Users/beater/Documents/dev/dao_alpha/Discord-JS-Points-Manager-OFFICIAL/helper/databaseHelper.js:99:18)
    at process.processTicksAndRejections (node:internal/process/task_queues:95:5)
    at async Object.handlePointSystemButton (/Users/beater/Documents/dev/dao_alpha/Discord-JS-Points-Manager-OFFICIAL/helper/interactionButtonHandler.js:66:21)
[2022-06-10T01:23:34.957] [INFO] default - ODA Clan Points Manager & Gameloop is online | ----> RUN
[2022-06-10T01:23:38.978] [ERROR] default - [handlePointSystemButton] ---->
[2022-06-10T01:23:38.978] [ERROR] default - TypeError: Cannot read properties of undefined (reading 'points')
    at /Users/beater/Documents/dev/dao_alpha/Discord-JS-Points-Manager-OFFICIAL/helper/databaseHelper.js:101:35
    at Array.forEach (<anonymous>)
    at Object.moveUsersPoints (/Users/beater/Documents/dev/dao_alpha/Discord-JS-Points-Manager-OFFICIAL/helper/databaseHelper.js:99:18)
    at process.processTicksAndRejections (node:internal/process/task_queues:95:5)
    at async Object.handlePointSystemButton (/Users/beater/Documents/dev/dao_alpha/Discord-JS-Points-Manager-OFFICIAL/helper/interactionButtonHandler.js:66:21)
[2022-06-10T01:24:22.703] [INFO] default - ODA Clan Points Manager & Gameloop is online | ----> RUN
[2022-06-10T01:24:50.229] [INFO] default - ODA Clan Points Manager & Gameloop is online | ----> RUN
[2022-06-10T01:25:13.393] [INFO] default - ODA Clan Points Manager & Gameloop is online | ----> RUN
[2022-06-10T01:25:35.808] [INFO] default - ODA Clan Points Manager & Gameloop is online | ----> RUN
[2022-06-10T01:25:40.287] [ERROR] default - [handlePointSystemButton] ---->
[2022-06-10T01:25:40.287] [ERROR] default - TypeError: Cannot read properties of undefined (reading 'filter')
    at Object.moveUsersPoints (/Users/beater/Documents/dev/dao_alpha/Discord-JS-Points-Manager-OFFICIAL/helper/databaseHelper.js:104:30)
    at process.processTicksAndRejections (node:internal/process/task_queues:95:5)
    at async Object.handlePointSystemButton (/Users/beater/Documents/dev/dao_alpha/Discord-JS-Points-Manager-OFFICIAL/helper/interactionButtonHandler.js:66:21)
[2022-06-10T01:25:52.998] [INFO] default - ODA Clan Points Manager & Gameloop is online | ----> RUN
[2022-06-10T01:25:57.608] [ERROR] default - [handlePointSystemButton] ---->
[2022-06-10T01:25:57.608] [ERROR] default - TypeError: Cannot read properties of undefined (reading 'filter')
    at Object.moveUsersPoints (/Users/beater/Documents/dev/dao_alpha/Discord-JS-Points-Manager-OFFICIAL/helper/databaseHelper.js:105:30)
    at process.processTicksAndRejections (node:internal/process/task_queues:95:5)
    at async Object.handlePointSystemButton (/Users/beater/Documents/dev/dao_alpha/Discord-JS-Points-Manager-OFFICIAL/helper/interactionButtonHandler.js:66:21)
[2022-06-10T01:26:40.777] [INFO] default - ODA Clan Points Manager & Gameloop is online | ----> RUN
[2022-06-10T01:26:51.124] [INFO] default - ODA Clan Points Manager & Gameloop is online | ----> RUN
[2022-06-10T01:31:57.509] [INFO] default - ODA Clan Points Manager & Gameloop is online | ----> RUN
[2022-06-10T01:32:02.591] [INFO] default - ODA Clan Points Manager & Gameloop is online | ----> RUN
[2022-06-10T01:32:25.195] [INFO] default - ODA Clan Points Manager & Gameloop is online | ----> RUN
[2022-06-10T01:32:44.662] [INFO] default - ODA Clan Points Manager & Gameloop is online | ----> RUN
[2022-06-10T01:40:39.463] [INFO] default - ODA Clan Points Manager & Gameloop is online | ----> RUN
[2022-06-10T01:40:46.716] [ERROR] default - [handlePointSystemButton] ---->
[2022-06-10T01:40:46.717] [ERROR] default - TypeError: allUsers.save is not a function
    at Object.moveUsersPoints (/Users/beater/Documents/dev/dao_alpha/Discord-JS-Points-Manager-OFFICIAL/helper/databaseHelper.js:103:18)
    at process.processTicksAndRejections (node:internal/process/task_queues:95:5)
    at async Object.handlePointSystemButton (/Users/beater/Documents/dev/dao_alpha/Discord-JS-Points-Manager-OFFICIAL/helper/interactionButtonHandler.js:66:21)
[2022-06-10T01:46:34.269] [INFO] default - ODA Clan Points Manager & Gameloop is online | ----> RUN
[2022-06-10T01:47:09.149] [INFO] default - Update leaderboard launched!
[2022-06-10T01:51:49.818] [INFO] default - ODA Clan Points Manager & Gameloop is online | ----> RUN
[2022-06-10T01:51:59.954] [INFO] default - ODA Clan Points Manager & Gameloop is online | ----> RUN
[2022-06-10T01:56:04.643] [INFO] default - ODA Clan Points Manager & Gameloop is online | ----> RUN
[2022-06-10T01:57:42.565] [INFO] default - ODA Clan Points Manager & Gameloop is online | ----> RUN
[2022-06-10T01:58:01.704] [ERROR] default - ERROR SOMEWHERE ON [setupmessages] - check error and go fix
[2022-06-10T01:58:01.705] [ERROR] default - ReferenceError: ro3 is not defined
    at Object.execute (/Users/beater/Documents/dev/dao_alpha/Discord-JS-Points-Manager-OFFICIAL/commands/setupmessages.js:113:85)
    at process.processTicksAndRejections (node:internal/process/task_queues:95:5)
[2022-06-10T01:58:14.129] [ERROR] default - ERROR SOMEWHERE ON [setupmessages] - check error and go fix
[2022-06-10T01:58:14.130] [ERROR] default - ReferenceError: ro3 is not defined
    at Object.execute (/Users/beater/Documents/dev/dao_alpha/Discord-JS-Points-Manager-OFFICIAL/commands/setupmessages.js:113:85)
    at process.processTicksAndRejections (node:internal/process/task_queues:95:5)
[2022-06-10T01:59:55.148] [INFO] default - ODA Clan Points Manager & Gameloop is online | ----> RUN
[2022-06-10T02:00:00.248] [INFO] default - Update leaderboard launched!
[2022-06-10T02:00:02.388] [INFO] default - Hourly check ODA IN NAME done ---> updated: 0
[2022-06-10T02:00:05.331] [INFO] default - Update leaderboard launched!
[2022-06-10T02:02:16.267] [INFO] default - ODA Clan Points Manager & Gameloop is online | ----> RUN
[2022-06-10T02:03:14.168] [INFO] default - ODA Clan Points Manager & Gameloop is online | ----> RUN
[2022-06-10T02:03:41.385] [INFO] default - ODA Clan Points Manager & Gameloop is online | ----> RUN
[2022-06-10T02:04:14.461] [INFO] default - ODA Clan Points Manager & Gameloop is online | ----> RUN
[2022-06-10T02:04:19.002] [ERROR] default - [handlePointSystemButton] ---->
[2022-06-10T02:04:19.002] [ERROR] default - ReferenceError: members is not defined
    at Object.odaNameDiffChecker (/Users/beater/Documents/dev/dao_alpha/Discord-JS-Points-Manager-OFFICIAL/helper/databaseHelper.js:118:21)
    at process.processTicksAndRejections (node:internal/process/task_queues:95:5)
    at async Object.handlePointSystemButton (/Users/beater/Documents/dev/dao_alpha/Discord-JS-Points-Manager-OFFICIAL/helper/interactionButtonHandler.js:70:21)
[2022-06-10T02:04:41.626] [INFO] default - ODA Clan Points Manager & Gameloop is online | ----> RUN
[2022-06-10T02:04:51.562] [INFO] default - ODA Clan Points Manager & Gameloop is online | ----> RUN
[2022-06-10T02:07:28.647] [INFO] default - ODA Clan Points Manager & Gameloop is online | ----> RUN
[2022-06-10T02:09:44.174] [INFO] default - ODA Clan Points Manager & Gameloop is online | ----> RUN
[2022-06-10T02:10:13.265] [INFO] default - ODA Clan Points Manager & Gameloop is online | ----> RUN
